TN:
SF:src/client.tsx
FNF:0
FNH:0
DA:8,0
DA:9,0
LF:2
LH:0
BRF:0
BRH:0
end_of_record
TN:
SF:src/global-middleware.ts
FNF:0
FNH:0
DA:4,0
LF:1
LH:0
BRF:0
BRH:0
end_of_record
TN:
SF:src/routeTree.gen.ts
FN:21,(anonymous_0)
FNF:1
FNH:0
FNDA:0,(anonymous_0)
DA:18,0
DA:21,0
DA:66,0
DA:70,0
LF:4
LH:0
BRF:0
BRH:0
end_of_record
TN:
SF:src/router.tsx
FN:6,createRouter
FN:11,(anonymous_1)
FNF:2
FNH:0
FNDA:0,createRouter
FNDA:0,(anonymous_1)
DA:7,0
DA:11,0
DA:15,0
LF:3
LH:0
BRF:0
BRH:0
end_of_record
TN:
SF:src/components/DefaultCatchBoundary.tsx
FN:10,DefaultCatchBoundary
FN:14,(anonymous_1)
FN:24,(anonymous_2)
FN:42,(anonymous_3)
FNF:4
FNH:0
FNDA:0,DefaultCatchBoundary
FNDA:0,(anonymous_1)
FNDA:0,(anonymous_2)
FNDA:0,(anonymous_3)
DA:11,0
DA:12,0
DA:14,0
DA:17,0
DA:25,0
DA:43,0
DA:44,0
LF:7
LH:0
BRDA:32,0,0,0
BRF:1
BRH:0
end_of_record
TN:
SF:src/components/NotFound.tsx
FN:3,NotFound
FN:11,(anonymous_1)
FNF:2
FNH:0
FNDA:0,NotFound
FNDA:0,(anonymous_1)
DA:11,0
LF:1
LH:0
BRDA:7,0,0,0
BRF:1
BRH:0
end_of_record
TN:
SF:src/components/ui/Boost.tsx
FN:3,(anonymous_0)
FNF:1
FNH:0
FNDA:0,(anonymous_0)
DA:3,0
LF:1
LH:0
BRF:0
BRH:0
end_of_record
TN:
SF:src/components/ui/Button.tsx
FN:40,(anonymous_2)
FNF:1
FNH:1
FNDA:13,(anonymous_2)
DA:1,1
DA:2,1
DA:3,1
DA:5,1
DA:40,13
LF:5
LH:5
BRF:0
BRH:0
end_of_record
TN:
SF:src/components/ui/Features.tsx
FN:29,(anonymous_0)
FN:40,(anonymous_1)
FNF:2
FNH:0
FNDA:0,(anonymous_0)
FNDA:0,(anonymous_1)
DA:5,0
DA:29,0
DA:41,0
LF:3
LH:0
BRDA:45,0,0,0
BRF:1
BRH:0
end_of_record
TN:
SF:src/components/ui/Footer.tsx
FN:43,(anonymous_0)
FN:51,(anonymous_2)
FN:59,(anonymous_3)
FNF:3
FNH:0
FNDA:0,(anonymous_0)
FNDA:0,(anonymous_2)
FNDA:0,(anonymous_3)
DA:3,0
DA:36,0
DA:43,0
DA:52,0
DA:60,0
LF:5
LH:0
BRF:0
BRH:0
end_of_record
TN:
SF:src/components/ui/Header.tsx
FN:8,(anonymous_4)
FN:11,(anonymous_5)
FNF:2
FNH:1
FNDA:5,(anonymous_4)
FNDA:0,(anonymous_5)
DA:1,1
DA:2,1
DA:3,1
DA:4,1
DA:6,1
DA:8,5
DA:9,5
DA:11,5
DA:12,0
LF:9
LH:8
BRDA:27,0,0,0
BRDA:27,0,1,5
BRDA:30,1,0,0
BRDA:36,2,0,5
BRF:4
BRH:2
end_of_record
TN:
SF:src/components/ui/Hero.tsx
FN:3,(anonymous_1)
FNF:1
FNH:1
FNDA:2,(anonymous_1)
DA:1,1
DA:3,2
LF:2
LH:2
BRF:0
BRH:0
end_of_record
TN:
SF:src/components/ui/Logo.tsx
FN:1,(anonymous_1)
FNF:1
FNH:1
FNDA:5,(anonymous_1)
DA:1,5
LF:1
LH:1
BRF:0
BRH:0
end_of_record
TN:
SF:src/components/ui/Shorten.tsx
FN:1,(anonymous_1)
FNF:1
FNH:1
FNDA:5,(anonymous_1)
DA:1,5
LF:1
LH:1
BRF:0
BRH:0
end_of_record
TN:
SF:src/routes/__root.tsx
FN:12,(anonymous_0)
FN:52,RootComponent
FN:60,RootDocument
FNF:3
FNH:0
FNDA:0,(anonymous_0)
FNDA:0,RootComponent
FNDA:0,RootDocument
DA:11,0
DA:12,0
LF:2
LH:0
BRF:0
BRH:0
end_of_record
TN:
SF:src/routes/index.tsx
FN:13,Home
FNF:1
FNH:0
FNDA:0,Home
DA:9,0
LF:1
LH:0
BRF:0
BRH:0
end_of_record
TN:
SF:src/utils/cn.ts
FN:5,cn
FNF:1
FNH:1
FNDA:13,cn
DA:2,1
DA:3,1
DA:5,13
DA:6,13
LF:4
LH:4
BRF:0
BRH:0
end_of_record
TN:
SF:src/utils/loggingMiddleware.tsx
FN:4,(anonymous_0)
FN:16,(anonymous_1)
FN:30,(anonymous_2)
FNF:3
FNH:0
FNDA:0,(anonymous_0)
FNDA:0,(anonymous_1)
FNDA:0,(anonymous_2)
DA:3,0
DA:5,0
DA:7,0
DA:17,0
DA:19,0
DA:28,0
DA:31,0
DA:33,0
DA:34,0
DA:40,0
LF:10
LH:0
BRF:0
BRH:0
end_of_record
TN:
SF:src/utils/seo.ts
FN:1,(anonymous_0)
FNF:1
FNH:0
FNDA:0,(anonymous_0)
DA:1,0
DA:12,0
DA:32,0
LF:3
LH:0
BRDA:23,0,0,0
BRDA:23,0,1,0
BRF:2
BRH:0
end_of_record
